<?xml version="1.0" encoding="UTF-8"?>
<testng-results ignored="0" total="1" passed="1" failed="0" skipped="0">
  <reporter-output>
  </reporter-output>
  <suite started-at="2023-09-24T13:06:40 PDT" name="Suite" finished-at="2023-09-24T13:07:02 PDT" duration-ms="21618">
    <groups>
    </groups>
    <test started-at="2023-09-24T13:06:40 PDT" name="Test" finished-at="2023-09-24T13:07:02 PDT" duration-ms="21618">
      <class name="com.Adactin.TestNGAdactin">
        <test-method signature="methodA()[pri:0, instance:com.Adactin.TestNGAdactin@fba92d3]" started-at="2023-09-24T13:06:40 PDT" name="methodA" finished-at="2023-09-24T13:07:02 PDT" duration-ms="21551" status="PASS">
          <reporter-output>
          </reporter-output>
        </test-method> <!-- methodA -->
      </class> <!-- com.Adactin.TestNGAdactin -->
    </test> <!-- Test -->
  </suite> <!-- Suite -->
</testng-results>
